[INFO] Scanning for projects...
[INFO] 
[INFO] --------------------< com.mmlm:user-admin-backend >---------------------
[INFO] Building user-admin-backend 0.0.1-SNAPSHOT
[INFO]   from pom.xml
[INFO] --------------------------------[ jar ]---------------------------------
[INFO] 
[INFO] >>> spring-boot:2.7.18:run (default-cli) > test-compile @ user-admin-backend >>>
[INFO] 
[INFO] --- resources:3.2.0:resources (default-resources) @ user-admin-backend ---
[INFO] Using 'UTF-8' encoding to copy filtered resources.
[INFO] Using 'UTF-8' encoding to copy filtered properties files.
[INFO] Copying 1 resource
[INFO] Copying 0 resource
[INFO] 
[INFO] --- compiler:3.10.1:compile (default-compile) @ user-admin-backend ---
[INFO] Nothing to compile - all classes are up to date
[INFO] 
[INFO] --- resources:3.2.0:testResources (default-testResources) @ user-admin-backend ---
[INFO] Using 'UTF-8' encoding to copy filtered resources.
[INFO] Using 'UTF-8' encoding to copy filtered properties files.
[INFO] skip non existing resourceDirectory D:\AI\mmlm-vue\backend\src\test\resources
[INFO] 
[INFO] --- compiler:3.10.1:testCompile (default-testCompile) @ user-admin-backend ---
[INFO] No sources to compile
[INFO] 
[INFO] <<< spring-boot:2.7.18:run (default-cli) < test-compile @ user-admin-backend <<<
[INFO] 
[INFO] 
[INFO] --- spring-boot:2.7.18:run (default-cli) @ user-admin-backend ---
[INFO] Attaching agents: []

  .   ____          _            __ _ _
 /\\ / ___'_ __ _ _(_)_ __  __ _ \ \ \ \
( ( )\___ | '_ | '_| | '_ \/ _` | \ \ \ \
 \\/  ___)| |_)| | | | | || (_| |  ) ) ) )
  '  |____| .__|_| |_|_| |_\__, | / / / /
 =========|_|==============|___/=/_/_/_/
 :: Spring Boot ::               (v2.7.18)

2026-04-23 11:48:31.828  INFO 21324 --- [           main] com.mmlm.useradmin.UserAdminApplication  : Starting UserAdminApplication using Java 19.0.2 on MS-PEPJAAWXMFKD with PID 21324 (D:\AI\mmlm-vue\backend\target\classes started by Administrator in D:\AI\mmlm-vue\backend)
2026-04-23 11:48:31.830  INFO 21324 --- [           main] com.mmlm.useradmin.UserAdminApplication  : No active profile set, falling back to 1 default profile: "default"
2026-04-23 11:48:32.230  INFO 21324 --- [           main] .s.d.r.c.RepositoryConfigurationDelegate : Bootstrapping Spring Data JPA repositories in DEFAULT mode.
2026-04-23 11:48:32.292  INFO 21324 --- [           main] .s.d.r.c.RepositoryConfigurationDelegate : Finished Spring Data repository scanning in 42 ms. Found 5 JPA repository interfaces.
2026-04-23 11:48:32.717  INFO 21324 --- [           main] o.s.b.w.embedded.tomcat.TomcatWebServer  : Tomcat initialized with port(s): 8017 (http)
2026-04-23 11:48:32.727  INFO 21324 --- [           main] o.apache.catalina.core.StandardService   : Starting service [Tomcat]
2026-04-23 11:48:32.727  INFO 21324 --- [           main] org.apache.catalina.core.StandardEngine  : Starting Servlet engine: [Apache Tomcat/9.0.83]
2026-04-23 11:48:32.828  INFO 21324 --- [           main] o.a.c.c.C.[Tomcat].[localhost].[/]       : Initializing Spring embedded WebApplicationContext
2026-04-23 11:48:32.829  INFO 21324 --- [           main] w.s.c.ServletWebServerApplicationContext : Root WebApplicationContext: initialization completed in 966 ms
2026-04-23 11:48:32.926  INFO 21324 --- [           main] o.hibernate.jpa.internal.util.LogHelper  : HHH000204: Processing PersistenceUnitInfo [name: default]
2026-04-23 11:48:32.956  INFO 21324 --- [           main] org.hibernate.Version                    : HHH000412: Hibernate ORM core version 5.6.15.Final
2026-04-23 11:48:33.062  INFO 21324 --- [           main] o.hibernate.annotations.common.Version   : HCANN000001: Hibernate Commons Annotations {5.1.2.Final}
2026-04-23 11:48:33.125  INFO 21324 --- [           main] com.zaxxer.hikari.HikariDataSource       : HikariPool-1 - Starting...
2026-04-23 11:48:33.242  INFO 21324 --- [           main] com.zaxxer.hikari.HikariDataSource       : HikariPool-1 - Start completed.
2026-04-23 11:48:33.253  INFO 21324 --- [           main] org.hibernate.dialect.Dialect            : HHH000400: Using dialect: org.hibernate.dialect.MySQL8Dialect
2026-04-23 11:48:33.655  INFO 21324 --- [           main] o.h.e.t.j.p.i.JtaPlatformInitiator       : HHH000490: Using JtaPlatform implementation: [org.hibernate.engine.transaction.jta.platform.internal.NoJtaPlatform]
2026-04-23 11:48:33.663  INFO 21324 --- [           main] j.LocalContainerEntityManagerFactoryBean : Initialized JPA EntityManagerFactory for persistence unit 'default'
2026-04-23 11:48:34.057  WARN 21324 --- [           main] JpaBaseConfiguration$JpaWebConfiguration : spring.jpa.open-in-view is enabled by default. Therefore, database queries may be performed during view rendering. Explicitly configure spring.jpa.open-in-view to disable this warning
2026-04-23 11:48:34.227  INFO 21324 --- [           main] o.s.b.w.embedded.tomcat.TomcatWebServer  : Tomcat started on port(s): 8017 (http) with context path ''
2026-04-23 11:48:34.233  INFO 21324 --- [           main] com.mmlm.useradmin.UserAdminApplication  : Started UserAdminApplication in 2.702 seconds (JVM running for 2.996)
ÖŐÖąĹú´¦Ŕí˛Ů×÷Âđ(Y/N)? 
